time iter num.topics num.tables likelihood gamma alpha split merge trial
    3.00 00000 0008 150256 -5089392.03679 1.00000 1.00000 1 0 15
   39.00 00001 0008 147750 -5078435.41874 1.00000 1.00000 0 0 0
   42.00 00002 0009 146087 -5056068.70406 1.00000 1.00000 0 0 0
   44.00 00003 0009 144751 -5036671.21333 1.00000 1.00000 0 0 0
   47.00 00004 0010 143789 -5018647.97725 1.00000 1.00000 0 0 0
   50.00 00005 0011 143205 -5004308.68192 1.00000 1.00000 0 0 0
   53.00 00006 0011 143300 -4993442.17853 1.00000 1.00000 0 0 0
   57.00 00007 0011 143588 -4986571.93051 1.00000 1.00000 0 0 0
   60.00 00008 0010 143613 -4977992.85000 1.00000 1.00000 0 0 0
   63.00 00009 0009 143975 -4971154.58167 1.00000 1.00000 0 0 0
   65.00 00010 0009 144199 -4965840.74487 1.00000 1.00000 0 0 0
   68.00 00011 0010 144453 -4961115.44466 1.00000 1.00000 0 0 0
   71.00 00012 0010 144111 -4953612.17445 1.00000 1.00000 0 0 0
   74.00 00013 0010 144308 -4951161.65749 1.00000 1.00000 0 0 0
   77.00 00014 0010 144658 -4947898.40402 1.00000 1.00000 0 0 0
   80.00 00015 0009 145079 -4944925.57977 1.00000 1.00000 0 0 0
   83.00 00016 0009 145045 -4944398.58808 1.00000 1.00000 0 0 0
   86.00 00017 0008 144955 -4941415.36748 1.00000 1.00000 0 0 0
   89.00 00018 0009 144907 -4939377.02926 1.00000 1.00000 0 0 0
   92.00 00019 0011 145090 -4939607.15341 1.00000 1.00000 0 0 0
   95.00 00020 0012 145453 -4938813.94183 1.00000 1.00000 0 0 0
   98.00 00021 0011 145087 -4937716.32564 1.00000 1.00000 0 0 0
  101.00 00022 0011 145593 -4938496.89765 1.00000 1.00000 0 0 0
  104.00 00023 0009 145662 -4938124.35664 1.00000 1.00000 0 0 0
  106.00 00024 0008 145384 -4937905.41461 1.00000 1.00000 0 0 0
  109.00 00025 0010 145897 -4938858.59011 1.00000 1.00000 0 0 0
  112.00 00026 0011 145722 -4936423.87012 1.00000 1.00000 0 0 0
  115.00 00027 0011 146119 -4938525.19263 1.00000 1.00000 0 0 0
  118.00 00028 0012 145224 -4933983.24128 1.00000 1.00000 0 0 0
  121.00 00029 0012 145362 -4935670.52077 1.00000 1.00000 0 0 0
  124.00 00030 0010 145818 -4937288.50770 1.00000 1.00000 0 0 0
  127.00 00031 0009 145788 -4937329.98569 1.00000 1.00000 0 0 0
  130.00 00032 0008 145678 -4937071.50372 1.00000 1.00000 0 0 0
  132.00 00033 0010 145640 -4937804.52027 1.00000 1.00000 0 0 0
  135.00 00034 0008 145791 -4937922.14943 1.00000 1.00000 0 0 0
  137.00 00035 0008 145762 -4937116.51905 1.00000 1.00000 0 0 0
  140.00 00036 0007 145791 -4936676.72701 1.00000 1.00000 0 0 0
  142.00 00037 0008 145643 -4937244.10117 1.00000 1.00000 0 0 0
  144.00 00038 0006 145517 -4935619.20203 1.00000 1.00000 0 0 0
  147.00 00039 0007 145663 -4936716.69488 1.00000 1.00000 0 0 0
  149.00 00040 0008 145898 -4937324.02583 1.00000 1.00000 0 0 0
  152.00 00041 0008 145821 -4938033.71481 1.00000 1.00000 0 0 0
  154.00 00042 0007 145709 -4937382.22095 1.00000 1.00000 0 0 0
  156.00 00043 0007 145609 -4937050.21130 1.00000 1.00000 0 0 0
  158.00 00044 0009 145795 -4938009.09847 1.00000 1.00000 0 0 0
  161.00 00045 0010 145749 -4938760.32756 1.00000 1.00000 0 0 0
  164.00 00046 0010 145945 -4938038.63909 1.00000 1.00000 0 0 0
  167.00 00047 0008 146047 -4938853.38825 1.00000 1.00000 0 0 0
  169.00 00048 0009 145495 -4936552.89271 1.00000 1.00000 0 0 0
  171.00 00049 0008 145450 -4926601.49731 1.00000 1.00000 0 0 0
  174.00 00050 0008 145431 -4911887.47550 1.00000 1.00000 0 0 0
  177.00 00051 0007 144889 -4901795.66067 1.00000 1.00000 0 0 0
  179.00 00052 0007 145097 -4896167.30023 1.00000 1.00000 0 0 0
  182.00 00053 0006 144946 -4891582.02942 1.00000 1.00000 0 0 0
  184.00 00054 0007 144844 -4889243.88751 1.00000 1.00000 0 0 0
  187.00 00055 0007 144902 -4888254.22316 1.00000 1.00000 0 0 0
  189.00 00056 0008 144771 -4886773.52229 1.00000 1.00000 0 0 0
  192.00 00057 0008 144662 -4885127.61105 1.00000 1.00000 0 0 0
  194.00 00058 0007 144412 -4884835.70565 1.00000 1.00000 0 0 0
  197.00 00059 0007 144030 -4882491.05493 1.00000 1.00000 0 0 0
  199.00 00060 0007 144475 -4883064.33727 1.00000 1.00000 0 0 0
  201.00 00061 0007 144153 -4881859.06616 1.00000 1.00000 0 0 0
  204.00 00062 0007 144089 -4881693.47585 1.00000 1.00000 0 0 0
  206.00 00063 0008 144112 -4881632.16898 1.00000 1.00000 0 0 0
  209.00 00064 0009 144196 -4882075.44194 1.00000 1.00000 0 0 0
  212.00 00065 0009 144166 -4882574.76634 1.00000 1.00000 0 0 0
  215.00 00066 0009 144364 -4881947.17857 1.00000 1.00000 0 0 0
  217.00 00067 0007 144352 -4883082.92737 1.00000 1.00000 0 0 0
  219.00 00068 0009 144423 -4882372.71550 1.00000 1.00000 0 0 0
  222.00 00069 0008 144135 -4881146.85537 1.00000 1.00000 0 0 0
  225.00 00070 0008 144004 -4880645.05300 1.00000 1.00000 0 0 0
  227.00 00071 0008 144127 -4881086.66156 1.00000 1.00000 0 0 0
  230.00 00072 0007 143684 -4880519.81277 1.00000 1.00000 0 0 0
  232.00 00073 0007 144094 -4880937.78671 1.00000 1.00000 0 0 0
  234.00 00074 0008 143992 -4880137.28666 1.00000 1.00000 0 0 0
  237.00 00075 0009 144113 -4881624.06689 1.00000 1.00000 0 0 0
  239.00 00076 0008 144201 -4882716.29183 1.00000 1.00000 0 0 0
  241.00 00077 0008 144362 -4882665.51293 1.00000 1.00000 0 0 0
  243.00 00078 0009 144259 -4881963.18138 1.00000 1.00000 0 0 0
  246.00 00079 0008 144461 -4880491.10737 1.00000 1.00000 0 0 0
  248.00 00080 0008 144281 -4881713.09564 1.00000 1.00000 0 0 0
  250.00 00081 0008 144558 -4881959.32180 1.00000 1.00000 0 0 0
  252.00 00082 0007 144222 -4881205.56263 1.00000 1.00000 0 0 0
  255.00 00083 0008 144411 -4882192.01682 1.00000 1.00000 0 0 0
  257.00 00084 0008 144736 -4883250.03814 1.00000 1.00000 0 0 0
  259.00 00085 0009 144389 -4882758.05672 1.00000 1.00000 0 0 0
  262.00 00086 0008 144143 -4881573.08372 1.00000 1.00000 0 0 0
  264.00 00087 0007 144031 -4880663.64682 1.00000 1.00000 0 0 0
  266.00 00088 0009 144082 -4881336.79766 1.00000 1.00000 0 0 0
  269.00 00089 0007 143893 -4880544.21929 1.00000 1.00000 0 0 0
  271.00 00090 0007 144083 -4881358.04964 1.00000 1.00000 0 0 0
  273.00 00091 0009 144181 -4882868.75554 1.00000 1.00000 0 0 0
  275.00 00092 0007 144403 -4882350.51094 1.00000 1.00000 0 0 0
  277.00 00093 0007 144456 -4882416.56486 1.00000 1.00000 0 0 0
  279.00 00094 0008 144589 -4882327.30144 1.00000 1.00000 0 0 0
  281.00 00095 0008 144230 -4881958.09073 1.00000 1.00000 0 0 0
  284.00 00096 0008 144550 -4882577.10171 1.00000 1.00000 0 0 0
  286.00 00097 0007 144516 -4882178.76536 1.00000 1.00000 0 0 0
  288.00 00098 0008 144134 -4880664.43226 1.00000 1.00000 0 0 0
  290.00 00099 0010 144206 -4881516.12374 1.00000 1.00000 0 0 0
  293.00 00100 0009 144600 -4882678.44178 1.00000 1.00000 0 0 0
  296.00 00101 0007 144336 -4881239.66085 1.00000 1.00000 0 0 0
  298.00 00102 0009 144307 -4881216.69315 1.00000 1.00000 0 0 0
  300.00 00103 0008 144032 -4879306.35290 1.00000 1.00000 0 0 0
  303.00 00104 0008 143997 -4878343.37382 1.00000 1.00000 0 0 0
  306.00 00105 0010 143684 -4876194.07854 1.00000 1.00000 0 0 0
  308.00 00106 0010 143434 -4874172.04027 1.00000 1.00000 0 0 0
  311.00 00107 0009 144024 -4873951.20474 1.00000 1.00000 0 0 0
  314.00 00108 0009 143750 -4871979.92411 1.00000 1.00000 0 0 0
  316.00 00109 0009 143623 -4869907.52656 1.00000 1.00000 0 0 0
  319.00 00110 0010 143804 -4871213.21264 1.00000 1.00000 0 0 0
  322.00 00111 0010 143374 -4869483.48384 1.00000 1.00000 0 0 0
  324.00 00112 0009 142833 -4868716.39481 1.00000 1.00000 0 0 0
  327.00 00113 0009 143341 -4869092.40472 1.00000 1.00000 0 0 0
  329.00 00114 0010 143037 -4869016.00267 1.00000 1.00000 0 0 0
  332.00 00115 0010 143855 -4870468.99810 1.00000 1.00000 0 0 0
  335.00 00116 0009 143631 -4871679.91289 1.00000 1.00000 0 0 0
  337.00 00117 0009 143550 -4870097.51141 1.00000 1.00000 0 0 0
  339.00 00118 0009 143748 -4870049.42309 1.00000 1.00000 0 0 0
  342.00 00119 0008 143774 -4869924.84845 1.00000 1.00000 0 0 0
  344.00 00120 0010 143903 -4869828.54531 1.00000 1.00000 0 0 0
  347.00 00121 0011 143661 -4869780.86282 1.00000 1.00000 0 0 0
  349.00 00122 0011 143627 -4868782.80634 1.00000 1.00000 0 0 0
  352.00 00123 0010 143344 -4867810.50068 1.00000 1.00000 0 0 0
  355.00 00124 0009 143814 -4868938.39537 1.00000 1.00000 0 0 0
  357.00 00125 0010 143894 -4869406.19423 1.00000 1.00000 0 0 0
  360.00 00126 0010 143580 -4868570.18823 1.00000 1.00000 0 0 0
  362.00 00127 0009 143962 -4869744.35351 1.00000 1.00000 0 0 0
  365.00 00128 0009 143541 -4868598.76896 1.00000 1.00000 0 0 0
  367.00 00129 0008 143483 -4867597.88127 1.00000 1.00000 0 0 0
  370.00 00130 0009 143324 -4866016.73851 1.00000 1.00000 0 0 0
  372.00 00131 0010 142957 -4866005.92510 1.00000 1.00000 0 0 0
  375.00 00132 0008 143278 -4867660.36394 1.00000 1.00000 0 0 0
  377.00 00133 0010 143110 -4868135.98139 1.00000 1.00000 0 0 0
  380.00 00134 0011 143496 -4867194.57337 1.00000 1.00000 0 0 0
  383.00 00135 0011 143338 -4867670.50045 1.00000 1.00000 0 0 0
  385.00 00136 0010 143795 -4869101.40641 1.00000 1.00000 0 0 0
  388.00 00137 0011 143599 -4868475.67771 1.00000 1.00000 0 0 0
  391.00 00138 0012 143536 -4868074.33414 1.00000 1.00000 0 0 0
  394.00 00139 0013 143451 -4867427.64428 1.00000 1.00000 0 0 0
  397.00 00140 0010 143348 -4867421.20649 1.00000 1.00000 0 0 0
  399.00 00141 0012 143698 -4868436.33396 1.00000 1.00000 0 0 0
  402.00 00142 0012 143260 -4868612.87998 1.00000 1.00000 0 0 0
  405.00 00143 0014 143602 -4868237.94378 1.00000 1.00000 0 0 0
  408.00 00144 0010 143781 -4869672.14457 1.00000 1.00000 0 0 0
  411.00 00145 0010 143829 -4869969.18370 1.00000 1.00000 0 0 0
  414.00 00146 0009 143773 -4868662.67759 1.00000 1.00000 0 0 0
  416.00 00147 0011 143764 -4868951.24002 1.00000 1.00000 0 0 0
  419.00 00148 0013 143237 -4867760.90502 1.00000 1.00000 0 0 0
  422.00 00149 0012 143434 -4867896.55946 1.00000 1.00000 0 0 0
  425.00 00150 0015 143373 -4868081.15822 1.00000 1.00000 0 0 0
  429.00 00151 0015 143051 -4866987.22534 1.00000 1.00000 0 0 0
  432.00 00152 0013 143312 -4868276.74691 1.00000 1.00000 0 0 0
  435.00 00153 0010 143765 -4871168.30255 1.00000 1.00000 0 0 0
  437.00 00154 0010 143977 -4870710.67252 1.00000 1.00000 0 0 0
  440.00 00155 0011 143834 -4869354.33685 1.00000 1.00000 0 0 0
  443.00 00156 0010 143548 -4869555.83719 1.00000 1.00000 0 0 0
  445.00 00157 0009 143561 -4868646.83662 1.00000 1.00000 0 0 0
  448.00 00158 0010 143317 -4868346.81595 1.00000 1.00000 0 0 0
  450.00 00159 0010 143110 -4866935.99502 1.00000 1.00000 0 0 0
  453.00 00160 0010 143602 -4868770.95622 1.00000 1.00000 0 0 0
  455.00 00161 0011 143198 -4867595.37065 1.00000 1.00000 0 0 0
  458.00 00162 0011 143337 -4866914.38392 1.00000 1.00000 0 0 0
  461.00 00163 0010 143409 -4866728.66518 1.00000 1.00000 0 0 0
  463.00 00164 0010 143373 -4866576.97082 1.00000 1.00000 0 0 0
  466.00 00165 0012 143459 -4868479.12658 1.00000 1.00000 0 0 0
  469.00 00166 0011 143693 -4868499.65469 1.00000 1.00000 0 0 0
  471.00 00167 0010 143339 -4867531.10804 1.00000 1.00000 0 0 0
  474.00 00168 0011 143570 -4868132.58564 1.00000 1.00000 0 0 0
  477.00 00169 0010 143289 -4868236.50710 1.00000 1.00000 0 0 0
  479.00 00170 0009 143690 -4869068.52890 1.00000 1.00000 0 0 0
  482.00 00171 0009 143715 -4870192.49044 1.00000 1.00000 0 0 0
  484.00 00172 0009 143652 -4870249.77355 1.00000 1.00000 0 0 0
  486.00 00173 0010 143579 -4868280.64432 1.00000 1.00000 0 0 0
  489.00 00174 0008 143490 -4869292.37046 1.00000 1.00000 0 0 0
  491.00 00175 0008 143481 -4867880.39872 1.00000 1.00000 0 0 0
  493.00 00176 0008 143495 -4869055.76240 1.00000 1.00000 0 0 0
  496.00 00177 0009 143475 -4867605.64413 1.00000 1.00000 0 0 0
  498.00 00178 0009 143720 -4868003.79966 1.00000 1.00000 0 0 0
  500.00 00179 0010 143231 -4867307.76123 1.00000 1.00000 0 0 0
  503.00 00180 0011 143349 -4866816.97068 1.00000 1.00000 0 0 0
  506.00 00181 0008 143649 -4868543.62994 1.00000 1.00000 0 0 0
  508.00 00182 0009 143582 -4867798.27588 1.00000 1.00000 0 0 0
  510.00 00183 0009 143672 -4868579.24767 1.00000 1.00000 0 0 0
  513.00 00184 0008 143698 -4868617.45334 1.00000 1.00000 0 0 0
  515.00 00185 0009 143326 -4867489.69584 1.00000 1.00000 0 0 0
  517.00 00186 0008 143303 -4866615.71581 1.00000 1.00000 0 0 0
  519.00 00187 0008 143382 -4867254.66343 1.00000 1.00000 0 0 0
  522.00 00188 0009 142951 -4864892.83984 1.00000 1.00000 0 0 0
  524.00 00189 0009 142560 -4863462.38840 1.00000 1.00000 0 0 0
  527.00 00190 0010 142938 -4865211.18270 1.00000 1.00000 0 0 0
  530.00 00191 0011 142870 -4864359.61327 1.00000 1.00000 0 0 0
  533.00 00192 0011 143111 -4864563.89816 1.00000 1.00000 0 0 0
  535.00 00193 0010 143557 -4866592.79357 1.00000 1.00000 0 0 0
  538.00 00194 0008 143557 -4867326.54643 1.00000 1.00000 0 0 0
  540.00 00195 0008 143139 -4866211.53033 1.00000 1.00000 0 0 0
  542.00 00196 0010 142790 -4865342.96159 1.00000 1.00000 0 0 0
  545.00 00197 0010 142614 -4865591.74069 1.00000 1.00000 0 0 0
  547.00 00198 0011 143050 -4867117.14133 1.00000 1.00000 0 0 0
  550.00 00199 0012 143114 -4866822.05220 1.00000 1.00000 0 0 0
  553.00 00200 0012 143470 -4868457.61107 1.00000 1.00000 0 0 0
  556.00 00201 0011 143557 -4869118.88617 1.00000 1.00000 0 0 0
  558.00 00202 0011 143480 -4868466.51808 1.00000 1.00000 0 0 0
  561.00 00203 0012 143304 -4867509.69341 1.00000 1.00000 0 0 0
  564.00 00204 0012 143169 -4867836.42433 1.00000 1.00000 0 0 0
  567.00 00205 0013 142801 -4867428.40872 1.00000 1.00000 0 0 0
  570.00 00206 0010 142833 -4866349.16853 1.00000 1.00000 0 0 0
  572.00 00207 0009 142919 -4862457.33237 1.00000 1.00000 0 0 0
  575.00 00208 0010 142975 -4861215.74495 1.00000 1.00000 0 0 0
  578.00 00209 0011 142862 -4857896.47823 1.00000 1.00000 0 0 0
  582.00 00210 0011 142826 -4857139.24265 1.00000 1.00000 0 0 0
  585.00 00211 0009 142920 -4856717.02208 1.00000 1.00000 0 0 0
  588.00 00212 0009 142828 -4855372.44560 1.00000 1.00000 0 0 0
  590.00 00213 0009 143005 -4855037.44727 1.00000 1.00000 0 0 0
  593.00 00214 0010 143107 -4854266.66837 1.00000 1.00000 0 0 0
  596.00 00215 0009 143214 -4853857.26422 1.00000 1.00000 0 0 0
  599.00 00216 0009 143061 -4854706.64315 1.00000 1.00000 0 0 0
  601.00 00217 0008 142731 -4853435.26490 1.00000 1.00000 0 0 0
  603.00 00218 0009 142515 -4852041.79531 1.00000 1.00000 0 0 0
  606.00 00219 0008 142477 -4852186.64628 1.00000 1.00000 0 0 0
  608.00 00220 0009 142687 -4853695.07253 1.00000 1.00000 0 0 0
  610.00 00221 0008 142571 -4851698.28422 1.00000 1.00000 0 0 0
  613.00 00222 0008 142582 -4852479.87312 1.00000 1.00000 0 0 0
  615.00 00223 0008 142242 -4850888.46027 1.00000 1.00000 0 0 0
  617.00 00224 0009 142150 -4850025.55689 1.00000 1.00000 0 0 0
  620.00 00225 0009 142523 -4851266.28464 1.00000 1.00000 0 0 0
  622.00 00226 0009 142548 -4850163.87927 1.00000 1.00000 0 0 0
  625.00 00227 0010 142450 -4850199.32052 1.00000 1.00000 0 0 0
  627.00 00228 0009 142179 -4848995.66752 1.00000 1.00000 0 0 0
  630.00 00229 0009 142467 -4849846.54702 1.00000 1.00000 0 0 0
  633.00 00230 0011 142917 -4852886.19588 1.00000 1.00000 0 0 0
  635.00 00231 0011 143191 -4853789.96581 1.00000 1.00000 0 0 0
  638.00 00232 0011 142569 -4851626.24582 1.00000 1.00000 0 0 0
  641.00 00233 0009 142360 -4851657.90408 1.00000 1.00000 0 0 0
  643.00 00234 0010 142779 -4852621.27535 1.00000 1.00000 0 0 0
  645.00 00235 0011 142819 -4854082.14349 1.00000 1.00000 0 0 0
  648.00 00236 0011 143247 -4853166.90937 1.00000 1.00000 0 0 0
  651.00 00237 0009 143537 -4855139.97498 1.00000 1.00000 0 0 0
  653.00 00238 0009 143021 -4853611.25826 1.00000 1.00000 0 0 0
  656.00 00239 0010 142793 -4851810.80016 1.00000 1.00000 0 0 0
  658.00 00240 0011 143133 -4853251.59507 1.00000 1.00000 0 0 0
  661.00 00241 0010 143353 -4854763.07920 1.00000 1.00000 0 0 0
  664.00 00242 0012 142280 -4852168.23311 1.00000 1.00000 0 0 0
  667.00 00243 0012 142315 -4851630.37093 1.00000 1.00000 0 0 0
  670.00 00244 0013 142695 -4854272.24159 1.00000 1.00000 0 0 0
  673.00 00245 0015 142571 -4852436.67265 1.00000 1.00000 0 0 0
  676.00 00246 0011 142809 -4853136.56482 1.00000 1.00000 0 0 0
  679.00 00247 0010 142813 -4854502.95352 1.00000 1.00000 0 0 0
  682.00 00248 0010 142492 -4852466.52279 1.00000 1.00000 0 0 0
  684.00 00249 0008 142587 -4853026.97156 1.00000 1.00000 0 0 0
  686.00 00250 0009 142736 -4853949.68787 1.00000 1.00000 0 0 0
  689.00 00251 0009 142747 -4853970.90333 1.00000 1.00000 0 0 0
  691.00 00252 0009 142830 -4852529.16488 1.00000 1.00000 0 0 0
  693.00 00253 0010 142806 -4853593.47278 1.00000 1.00000 0 0 0
  696.00 00254 0010 142753 -4854223.14189 1.00000 1.00000 0 0 0
  699.00 00255 0010 142447 -4854031.90715 1.00000 1.00000 0 0 0
  701.00 00256 0010 142768 -4853520.07998 1.00000 1.00000 0 0 0
  704.00 00257 0010 142922 -4854474.07667 1.00000 1.00000 0 0 0
  707.00 00258 0009 143061 -4855419.92962 1.00000 1.00000 0 0 0
  709.00 00259 0012 143066 -4856063.85554 1.00000 1.00000 0 0 0
  712.00 00260 0011 142789 -4855207.75567 1.00000 1.00000 0 0 0
  715.00 00261 0011 142816 -4854390.93023 1.00000 1.00000 0 0 0
  718.00 00262 0011 142789 -4854765.46602 1.00000 1.00000 0 0 0
  720.00 00263 0010 142507 -4852698.83009 1.00000 1.00000 0 0 0
  723.00 00264 0010 142473 -4852859.21624 1.00000 1.00000 0 0 0
  725.00 00265 0010 142502 -4852870.31826 1.00000 1.00000 0 0 0
  728.00 00266 0009 142598 -4854202.89647 1.00000 1.00000 0 0 0
  731.00 00267 0010 142971 -4854877.25689 1.00000 1.00000 0 0 0
  733.00 00268 0011 142877 -4854337.19164 1.00000 1.00000 0 0 0
  736.00 00269 0010 142754 -4852346.81750 1.00000 1.00000 0 0 0
  738.00 00270 0011 142955 -4853499.14739 1.00000 1.00000 0 0 0
  741.00 00271 0013 142875 -4854163.94619 1.00000 1.00000 0 0 0
  744.00 00272 0011 142930 -4853041.72204 1.00000 1.00000 0 0 0
  747.00 00273 0012 142977 -4854819.98148 1.00000 1.00000 0 0 0
  750.00 00274 0010 142999 -4854159.02551 1.00000 1.00000 0 0 0
  752.00 00275 0010 142956 -4854510.24817 1.00000 1.00000 0 0 0
  755.00 00276 0010 143234 -4855295.36187 1.00000 1.00000 0 0 0
  757.00 00277 0009 142993 -4854087.59826 1.00000 1.00000 0 0 0
  760.00 00278 0009 143172 -4854742.08215 1.00000 1.00000 0 0 0
  762.00 00279 0009 143043 -4854193.55938 1.00000 1.00000 0 0 0
  764.00 00280 0008 142682 -4852539.92693 1.00000 1.00000 0 0 0
  766.00 00281 0008 143002 -4853541.98392 1.00000 1.00000 0 0 0
  769.00 00282 0009 142978 -4852679.51861 1.00000 1.00000 0 0 0
  771.00 00283 0009 143010 -4853889.13117 1.00000 1.00000 0 0 0
  774.00 00284 0012 142658 -4852966.04619 1.00000 1.00000 0 0 0
  777.00 00285 0012 142478 -4852423.98446 1.00000 1.00000 0 0 0
  780.00 00286 0012 142926 -4851570.46053 1.00000 1.00000 0 0 0
  782.00 00287 0009 142385 -4850217.02202 1.00000 1.00000 0 0 0
  785.00 00288 0009 142457 -4851319.89760 1.00000 1.00000 0 0 0
  787.00 00289 0009 142670 -4852748.42205 1.00000 1.00000 0 0 0
  789.00 00290 0008 142699 -4853128.20685 1.00000 1.00000 0 0 0
  792.00 00291 0008 142823 -4854421.17352 1.00000 1.00000 0 0 0
  794.00 00292 0009 142751 -4853820.54247 1.00000 1.00000 0 0 0
  796.00 00293 0008 142649 -4853638.16606 1.00000 1.00000 0 0 0
  798.00 00294 0009 143002 -4853401.98120 1.00000 1.00000 0 0 0
  801.00 00295 0010 142173 -4850400.81453 1.00000 1.00000 0 0 0
  803.00 00296 0011 142712 -4851039.02074 1.00000 1.00000 0 0 0
  806.00 00297 0011 142670 -4850333.15829 1.00000 1.00000 0 0 0
  809.00 00298 0011 142806 -4852583.04807 1.00000 1.00000 0 0 0
  811.00 00299 0010 143125 -4852767.87354 1.00000 1.00000 0 0 0
  814.00 00300 0009 142999 -4854496.24949 1.00000 1.00000 0 0 0
  816.00 00301 0009 143079 -4854411.75045 1.00000 1.00000 0 0 0
  819.00 00302 0012 143253 -4853230.13633 1.00000 1.00000 0 0 0
  822.00 00303 0009 143402 -4854283.15561 1.00000 1.00000 0 0 0
  824.00 00304 0011 143111 -4854177.01929 1.00000 1.00000 0 0 0
  827.00 00305 0011 142684 -4851952.80152 1.00000 1.00000 0 0 0
  830.00 00306 0012 143194 -4854161.89745 1.00000 1.00000 0 0 0
  833.00 00307 0014 143004 -4852378.17711 1.00000 1.00000 0 0 0
  836.00 00308 0014 142673 -4851613.45350 1.00000 1.00000 0 0 0
  839.00 00309 0013 142699 -4852065.73543 1.00000 1.00000 0 0 0
  842.00 00310 0011 142799 -4851849.58581 1.00000 1.00000 0 0 0
  845.00 00311 0011 142861 -4851625.99250 1.00000 1.00000 0 0 0
  847.00 00312 0011 142778 -4851532.78078 1.00000 1.00000 0 0 0
  850.00 00313 0010 143139 -4852626.81159 1.00000 1.00000 0 0 0
  853.00 00314 0010 142902 -4852454.32979 1.00000 1.00000 0 0 0
  855.00 00315 0009 143286 -4853465.63759 1.00000 1.00000 0 0 0
  858.00 00316 0008 143572 -4853306.58327 1.00000 1.00000 0 0 0
  860.00 00317 0009 143118 -4852514.44481 1.00000 1.00000 0 0 0
  862.00 00318 0009 143346 -4853769.41157 1.00000 1.00000 0 0 0
  864.00 00319 0009 143258 -4854163.13268 1.00000 1.00000 0 0 0
  867.00 00320 0009 143074 -4852171.24016 1.00000 1.00000 0 0 0
  869.00 00321 0010 142840 -4852420.38872 1.00000 1.00000 0 0 0
  872.00 00322 0011 142856 -4852050.46442 1.00000 1.00000 0 0 0
  875.00 00323 0010 143057 -4852578.01662 1.00000 1.00000 0 0 0
  877.00 00324 0010 142804 -4851967.37145 1.00000 1.00000 0 0 0
  880.00 00325 0011 142473 -4849923.42089 1.00000 1.00000 0 0 0
  883.00 00326 0012 142733 -4850930.19899 1.00000 1.00000 0 0 0
  886.00 00327 0008 142735 -4851598.29300 1.00000 1.00000 0 0 0
  888.00 00328 0010 143077 -4851204.63092 1.00000 1.00000 0 0 0
  891.00 00329 0011 143063 -4851695.92077 1.00000 1.00000 0 0 0
  893.00 00330 0009 142711 -4851066.81153 1.00000 1.00000 0 0 0
  896.00 00331 0010 142762 -4851470.93406 1.00000 1.00000 0 0 0
  898.00 00332 0009 143334 -4853196.40146 1.00000 1.00000 0 0 0
  901.00 00333 0012 143260 -4852592.05507 1.00000 1.00000 0 0 0
  904.00 00334 0008 143338 -4851115.91821 1.00000 1.00000 0 0 0
  906.00 00335 0010 142981 -4850196.30516 1.00000 1.00000 0 0 0
  908.00 00336 0009 142832 -4848792.59387 1.00000 1.00000 0 0 0
  911.00 00337 0009 142810 -4848863.99444 1.00000 1.00000 0 0 0
  913.00 00338 0009 142879 -4848583.71518 1.00000 1.00000 0 0 0
  916.00 00339 0009 142558 -4846681.90051 1.00000 1.00000 0 0 0
  919.00 00340 0011 143060 -4849209.13977 1.00000 1.00000 0 0 0
  921.00 00341 0010 142905 -4849006.67630 1.00000 1.00000 0 0 0
  924.00 00342 0011 143158 -4850295.65828 1.00000 1.00000 0 0 0
  927.00 00343 0010 143258 -4850142.35768 1.00000 1.00000 0 0 0
  929.00 00344 0011 143427 -4851739.17440 1.00000 1.00000 0 0 0
  932.00 00345 0011 143673 -4852589.47067 1.00000 1.00000 0 0 0
  934.00 00346 0011 143233 -4850128.10693 1.00000 1.00000 0 0 0
  937.00 00347 0010 143277 -4850122.22894 1.00000 1.00000 0 0 0
  939.00 00348 0010 143007 -4848872.68823 1.00000 1.00000 0 0 0
  942.00 00349 0011 143092 -4849803.45371 1.00000 1.00000 0 0 0
  945.00 00350 0011 142889 -4849032.97451 1.00000 1.00000 0 0 0
  947.00 00351 0011 142974 -4849272.43910 1.00000 1.00000 0 0 0
  950.00 00352 0011 142825 -4848612.68370 1.00000 1.00000 0 0 0
  952.00 00353 0008 142740 -4849414.43428 1.00000 1.00000 0 0 0
  954.00 00354 0009 142784 -4849066.73630 1.00000 1.00000 0 0 0
  957.00 00355 0012 143111 -4850059.14843 1.00000 1.00000 0 0 0
  960.00 00356 0012 142965 -4849174.19320 1.00000 1.00000 0 0 0
  963.00 00357 0011 143356 -4850810.83454 1.00000 1.00000 0 0 0
  965.00 00358 0010 142968 -4848880.28399 1.00000 1.00000 0 0 0
  968.00 00359 0009 143192 -4850494.60038 1.00000 1.00000 0 0 0
  970.00 00360 0009 143789 -4853872.89317 1.00000 1.00000 0 0 0
  972.00 00361 0011 143307 -4851056.94122 1.00000 1.00000 0 0 0
  975.00 00362 0009 143226 -4851204.45592 1.00000 1.00000 0 0 0
  977.00 00363 0011 143290 -4850340.77522 1.00000 1.00000 0 0 0
  980.00 00364 0011 143701 -4851730.21174 1.00000 1.00000 0 0 0
  983.00 00365 0009 143320 -4849387.54026 1.00000 1.00000 0 0 0
  985.00 00366 0010 143412 -4849266.81260 1.00000 1.00000 0 0 0
  988.00 00367 0010 143552 -4850307.15117 1.00000 1.00000 0 0 0
  990.00 00368 0012 143628 -4850693.47380 1.00000 1.00000 0 0 0
  993.00 00369 0009 143771 -4851479.81687 1.00000 1.00000 0 0 0
  995.00 00370 0010 143651 -4850875.74854 1.00000 1.00000 0 0 0
  998.00 00371 0008 143374 -4849624.13646 1.00000 1.00000 0 0 0
 1000.00 00372 0009 143678 -4850710.11940 1.00000 1.00000 0 0 0
 1002.00 00373 0009 143619 -4850266.31541 1.00000 1.00000 0 0 0
 1005.00 00374 0008 143599 -4850668.61407 1.00000 1.00000 0 0 0
 1007.00 00375 0011 143705 -4850811.22356 1.00000 1.00000 0 0 0
 1009.00 00376 0012 143860 -4851805.79944 1.00000 1.00000 0 0 0
 1012.00 00377 0011 143543 -4850907.43478 1.00000 1.00000 0 0 0
 1015.00 00378 0008 143365 -4850273.31960 1.00000 1.00000 0 0 0
 1017.00 00379 0008 143401 -4850613.21267 1.00000 1.00000 0 0 0
 1019.00 00380 0008 142794 -4848406.62315 1.00000 1.00000 0 0 0
 1022.00 00381 0008 142767 -4848908.27305 1.00000 1.00000 0 0 0
 1024.00 00382 0008 143216 -4849631.01199 1.00000 1.00000 0 0 0
 1026.00 00383 0009 143321 -4850600.58406 1.00000 1.00000 0 0 0
 1028.00 00384 0008 142996 -4850018.72499 1.00000 1.00000 0 0 0
 1030.00 00385 0008 143323 -4851412.09739 1.00000 1.00000 0 0 0
 1033.00 00386 0007 143390 -4850924.57331 1.00000 1.00000 0 0 0
 1035.00 00387 0008 143243 -4850500.38524 1.00000 1.00000 0 0 0
 1037.00 00388 0008 143538 -4849064.10210 1.00000 1.00000 0 0 0
 1039.00 00389 0009 143911 -4852451.22774 1.00000 1.00000 0 0 0
 1041.00 00390 0010 143540 -4850930.02289 1.00000 1.00000 0 0 0
 1044.00 00391 0010 143593 -4851235.33256 1.00000 1.00000 0 0 0
 1046.00 00392 0010 143287 -4850310.92007 1.00000 1.00000 0 0 0
 1049.00 00393 0009 142933 -4849562.00760 1.00000 1.00000 0 0 0
 1051.00 00394 0009 142859 -4850107.12258 1.00000 1.00000 0 0 0
 1054.00 00395 0008 142982 -4850640.38207 1.00000 1.00000 0 0 0
 1056.00 00396 0008 143370 -4850284.44977 1.00000 1.00000 0 0 0
 1058.00 00397 0008 143610 -4851138.26667 1.00000 1.00000 0 0 0
 1060.00 00398 0009 143086 -4849886.74614 1.00000 1.00000 0 0 0
 1062.00 00399 0010 143277 -4850446.20162 1.00000 1.00000 0 0 0
 1065.00 00400 0010 143462 -4850435.08266 1.00000 1.00000 0 0 0
 1067.00 00401 0010 143716 -4851627.86920 1.00000 1.00000 0 0 0
 1070.00 00402 0009 143369 -4851231.97160 1.00000 1.00000 0 0 0
 1072.00 00403 0009 143485 -4850448.78337 1.00000 1.00000 0 0 0
 1075.00 00404 0012 143552 -4849179.20943 1.00000 1.00000 0 0 0
 1078.00 00405 0010 143231 -4848798.30843 1.00000 1.00000 0 0 0
 1080.00 00406 0011 143365 -4850010.75214 1.00000 1.00000 0 0 0
 1083.00 00407 0011 142992 -4849450.69741 1.00000 1.00000 0 0 0
 1086.00 00408 0009 143337 -4850645.39145 1.00000 1.00000 0 0 0
 1088.00 00409 0008 143355 -4850693.55221 1.00000 1.00000 0 0 0
 1090.00 00410 0009 143555 -4851580.54287 1.00000 1.00000 0 0 0
 1093.00 00411 0010 143446 -4850269.18648 1.00000 1.00000 0 0 0
 1095.00 00412 0007 143428 -4849981.05871 1.00000 1.00000 0 0 0
 1097.00 00413 0007 143716 -4850739.13840 1.00000 1.00000 0 0 0
 1099.00 00414 0009 143639 -4850168.07736 1.00000 1.00000 0 0 0
 1101.00 00415 0010 143534 -4850453.24419 1.00000 1.00000 0 0 0
 1104.00 00416 0010 143548 -4850705.96634 1.00000 1.00000 0 0 0
 1106.00 00417 0009 143821 -4850486.85389 1.00000 1.00000 0 0 0
 1108.00 00418 0010 143547 -4849775.37056 1.00000 1.00000 0 0 0
 1111.00 00419 0008 143337 -4848733.85002 1.00000 1.00000 0 0 0
 1113.00 00420 0008 143351 -4850761.55918 1.00000 1.00000 0 0 0
 1115.00 00421 0008 143393 -4848277.07436 1.00000 1.00000 0 0 0
 1117.00 00422 0009 143100 -4848570.41957 1.00000 1.00000 0 0 0
 1120.00 00423 0009 143240 -4848205.36665 1.00000 1.00000 0 0 0
 1122.00 00424 0008 143249 -4849116.85670 1.00000 1.00000 0 0 0
 1124.00 00425 0008 143111 -4848510.84089 1.00000 1.00000 0 0 0
 1126.00 00426 0009 143306 -4848689.07506 1.00000 1.00000 0 0 0
 1128.00 00427 0008 143758 -4850569.14508 1.00000 1.00000 0 0 0
 1130.00 00428 0008 143555 -4850210.77614 1.00000 1.00000 0 0 0
 1133.00 00429 0007 143533 -4850992.18188 1.00000 1.00000 0 0 0
 1134.00 00430 0007 143364 -4850886.56742 1.00000 1.00000 0 0 0
 1136.00 00431 0007 142833 -4849525.95367 1.00000 1.00000 0 0 0
 1139.00 00432 0009 143374 -4850630.81756 1.00000 1.00000 0 0 0
 1141.00 00433 0008 143198 -4850603.79884 1.00000 1.00000 0 0 0
 1143.00 00434 0010 143447 -4851603.26566 1.00000 1.00000 0 0 0
 1146.00 00435 0009 143427 -4850960.66900 1.00000 1.00000 0 0 0
 1148.00 00436 0008 143659 -4852902.16956 1.00000 1.00000 0 0 0
 1150.00 00437 0008 143368 -4850886.59640 1.00000 1.00000 0 0 0
 1152.00 00438 0009 143423 -4850084.93194 1.00000 1.00000 0 0 0
 1154.00 00439 0008 143496 -4850857.04309 1.00000 1.00000 0 0 0
 1156.00 00440 0008 143473 -4851656.16260 1.00000 1.00000 0 0 0
 1159.00 00441 0011 143216 -4850826.41573 1.00000 1.00000 0 0 0
 1161.00 00442 0012 143289 -4850523.68299 1.00000 1.00000 0 0 0
 1164.00 00443 0009 144087 -4853920.83554 1.00000 1.00000 0 0 0
 1166.00 00444 0008 143877 -4852259.09302 1.00000 1.00000 0 0 0
 1169.00 00445 0008 143632 -4852523.85373 1.00000 1.00000 0 0 0
 1171.00 00446 0008 143459 -4849818.65382 1.00000 1.00000 0 0 0
 1173.00 00447 0010 143665 -4851659.12326 1.00000 1.00000 0 0 0
 1176.00 00448 0010 143528 -4851040.65141 1.00000 1.00000 0 0 0
 1178.00 00449 0008 143561 -4850900.38555 1.00000 1.00000 0 0 0
 1180.00 00450 0008 143514 -4850363.60185 1.00000 1.00000 0 0 0
 1183.00 00451 0008 143486 -4850435.50639 1.00000 1.00000 0 0 0
 1185.00 00452 0009 143949 -4852959.72643 1.00000 1.00000 0 0 0
 1187.00 00453 0010 143519 -4852169.71873 1.00000 1.00000 0 0 0
 1190.00 00454 0009 143482 -4851320.54117 1.00000 1.00000 0 0 0
 1192.00 00455 0011 143465 -4849439.43753 1.00000 1.00000 0 0 0
 1195.00 00456 0010 143537 -4848373.25168 1.00000 1.00000 0 0 0
 1197.00 00457 0010 143320 -4848499.41518 1.00000 1.00000 0 0 0
 1200.00 00458 0009 143527 -4848642.59072 1.00000 1.00000 0 0 0
 1202.00 00459 0009 143536 -4849359.27299 1.00000 1.00000 0 0 0
 1205.00 00460 0012 143280 -4848363.79801 1.00000 1.00000 0 0 0
 1208.00 00461 0011 143327 -4848923.44808 1.00000 1.00000 0 0 0
 1210.00 00462 0011 143542 -4849394.54290 1.00000 1.00000 0 0 0
 1213.00 00463 0012 143801 -4849502.99822 1.00000 1.00000 0 0 0
 1216.00 00464 0012 143513 -4849970.82003 1.00000 1.00000 0 0 0
 1218.00 00465 0012 143524 -4850674.59963 1.00000 1.00000 0 0 0
 1221.00 00466 0011 143643 -4851668.92021 1.00000 1.00000 0 0 0
 1224.00 00467 0010 143877 -4851814.86200 1.00000 1.00000 0 0 0
 1226.00 00468 0010 143663 -4851546.71749 1.00000 1.00000 0 0 0
 1229.00 00469 0009 143678 -4850992.95909 1.00000 1.00000 0 0 0
 1231.00 00470 0009 144017 -4850979.76204 1.00000 1.00000 0 0 0
 1233.00 00471 0010 143694 -4849434.81903 1.00000 1.00000 0 0 0
 1236.00 00472 0009 143573 -4849346.41624 1.00000 1.00000 0 0 0
 1238.00 00473 0009 143590 -4849356.65820 1.00000 1.00000 0 0 0
 1240.00 00474 0009 143620 -4850069.65099 1.00000 1.00000 0 0 0
 1242.00 00475 0009 143647 -4852677.39194 1.00000 1.00000 0 0 0
 1245.00 00476 0008 143539 -4850462.35732 1.00000 1.00000 0 0 0
 1247.00 00477 0008 143645 -4850945.32378 1.00000 1.00000 0 0 0
 1249.00 00478 0010 143736 -4850967.99570 1.00000 1.00000 0 0 0
 1252.00 00479 0011 143560 -4850252.91409 1.00000 1.00000 0 0 0
 1254.00 00480 0012 143190 -4848652.16893 1.00000 1.00000 0 0 0
 1257.00 00481 0008 143381 -4849164.60098 1.00000 1.00000 0 0 0
 1259.00 00482 0008 143582 -4851175.67996 1.00000 1.00000 0 0 0
 1261.00 00483 0008 143725 -4851482.53968 1.00000 1.00000 0 0 0
 1263.00 00484 0008 143411 -4850275.05020 1.00000 1.00000 0 0 0
 1266.00 00485 0009 143239 -4848025.67251 1.00000 1.00000 0 0 0
 1268.00 00486 0008 143698 -4848174.99137 1.00000 1.00000 0 0 0
 1270.00 00487 0008 143643 -4847961.22856 1.00000 1.00000 0 0 0
 1272.00 00488 0010 143586 -4848043.44575 1.00000 1.00000 0 0 0
 1275.00 00489 0011 143968 -4848202.75137 1.00000 1.00000 0 0 0
 1277.00 00490 0010 143878 -4850271.21407 1.00000 1.00000 0 0 0
 1280.00 00491 0010 143327 -4848916.38079 1.00000 1.00000 0 0 0
 1282.00 00492 0009 143593 -4849830.98357 1.00000 1.00000 0 0 0
 1284.00 00493 0009 143444 -4848682.89804 1.00000 1.00000 0 0 0
 1287.00 00494 0009 143480 -4847048.72658 1.00000 1.00000 0 0 0
 1289.00 00495 0009 143817 -4849717.27934 1.00000 1.00000 0 0 0
 1291.00 00496 0009 143345 -4847011.05199 1.00000 1.00000 0 0 0
 1293.00 00497 0010 143360 -4848437.16728 1.00000 1.00000 0 0 0
 1296.00 00498 0008 143301 -4847832.98382 1.00000 1.00000 0 0 0
 1298.00 00499 0008 143474 -4848282.96825 1.00000 1.00000 0 0 0
 1300.00 00500 0008 143095 -4846508.79684 1.00000 1.00000 0 0 0
 1302.00 00501 0009 143508 -4849392.12281 1.00000 1.00000 0 0 0
 1305.00 00502 0010 143729 -4849449.21224 1.00000 1.00000 0 0 0
 1307.00 00503 0009 143707 -4849149.09624 1.00000 1.00000 0 0 0
 1310.00 00504 0012 143482 -4848564.41436 1.00000 1.00000 0 0 0
 1312.00 00505 0011 143755 -4850282.49301 1.00000 1.00000 0 0 0
 1315.00 00506 0009 143954 -4851455.60561 1.00000 1.00000 0 0 0
 1317.00 00507 0011 143854 -4851254.20005 1.00000 1.00000 0 0 0
 1320.00 00508 0011 143481 -4849226.81708 1.00000 1.00000 0 0 0
 1322.00 00509 0010 143279 -4848929.40097 1.00000 1.00000 0 0 0
 1325.00 00510 0011 143272 -4847917.07514 1.00000 1.00000 0 0 0
 1328.00 00511 0011 143314 -4847791.46381 1.00000 1.00000 0 0 0
 1330.00 00512 0012 143248 -4848691.60906 1.00000 1.00000 0 0 0
 1333.00 00513 0013 143712 -4851008.46769 1.00000 1.00000 0 0 0
 1336.00 00514 0010 143376 -4848647.11577 1.00000 1.00000 0 0 0
 1338.00 00515 0009 143194 -4849478.97315 1.00000 1.00000 0 0 0
 1340.00 00516 0009 143463 -4851125.06400 1.00000 1.00000 0 0 0
 1343.00 00517 0010 143547 -4849542.38803 1.00000 1.00000 0 0 0
 1345.00 00518 0011 143142 -4849004.26219 1.00000 1.00000 0 0 0
 1348.00 00519 0011 143765 -4850500.86564 1.00000 1.00000 0 0 0
 1351.00 00520 0011 143730 -4848876.99255 1.00000 1.00000 0 0 0
 1354.00 00521 0011 143659 -4849387.78393 1.00000 1.00000 0 0 0
 1356.00 00522 0011 143803 -4849671.52700 1.00000 1.00000 0 0 0
 1359.00 00523 0012 143838 -4849741.61790 1.00000 1.00000 0 0 0
 1361.00 00524 0011 143788 -4849747.84355 1.00000 1.00000 0 0 0
 1364.00 00525 0010 143948 -4850087.24371 1.00000 1.00000 0 0 0
 1367.00 00526 0010 143571 -4849118.10563 1.00000 1.00000 0 0 0
 1369.00 00527 0009 143756 -4849885.22870 1.00000 1.00000 0 0 0
 1372.00 00528 0012 143153 -4848807.97883 1.00000 1.00000 0 0 0
 1375.00 00529 0011 143271 -4849357.69917 1.00000 1.00000 0 0 0
 1377.00 00530 0012 143257 -4848775.90239 1.00000 1.00000 0 0 0
 1380.00 00531 0011 143384 -4848587.74439 1.00000 1.00000 0 0 0
 1383.00 00532 0011 143232 -4847769.39374 1.00000 1.00000 0 0 0
 1386.00 00533 0012 143024 -4846178.24942 1.00000 1.00000 0 0 0
 1389.00 00534 0010 143084 -4847698.23723 1.00000 1.00000 0 0 0
 1391.00 00535 0010 143758 -4849812.87232 1.00000 1.00000 0 0 0
 1394.00 00536 0010 143596 -4849063.94921 1.00000 1.00000 0 0 0
 1396.00 00537 0011 143875 -4851605.30097 1.00000 1.00000 0 0 0
 1399.00 00538 0010 143604 -4851283.64945 1.00000 1.00000 0 0 0
 1401.00 00539 0011 143789 -4850102.28667 1.00000 1.00000 0 0 0
 1404.00 00540 0012 143737 -4849914.73002 1.00000 1.00000 0 0 0
 1407.00 00541 0011 143549 -4848631.45408 1.00000 1.00000 0 0 0
 1410.00 00542 0010 143429 -4850241.86952 1.00000 1.00000 0 0 0
 1412.00 00543 0011 143647 -4851551.66628 1.00000 1.00000 0 0 0
 1415.00 00544 0010 143810 -4851917.67455 1.00000 1.00000 0 0 0
 1417.00 00545 0011 143344 -4848966.35602 1.00000 1.00000 0 0 0
 1420.00 00546 0011 143716 -4851777.69550 1.00000 1.00000 0 0 0
 1422.00 00547 0010 143963 -4851522.43864 1.00000 1.00000 0 0 0
 1425.00 00548 0010 143577 -4851387.45792 1.00000 1.00000 0 0 0
 1427.00 00549 0010 143313 -4850279.42817 1.00000 1.00000 0 0 0
 1429.00 00550 0011 142989 -4847412.64411 1.00000 1.00000 0 0 0
 1432.00 00551 0011 143386 -4847655.30540 1.00000 1.00000 0 0 0
 1435.00 00552 0010 143921 -4850584.18486 1.00000 1.00000 0 0 0
 1437.00 00553 0010 143737 -4848917.77681 1.00000 1.00000 0 0 0
 1440.00 00554 0011 143790 -4849371.46477 1.00000 1.00000 0 0 0
 1443.00 00555 0010 143450 -4847149.94236 1.00000 1.00000 0 0 0
 1445.00 00556 0009 143265 -4847155.46181 1.00000 1.00000 0 0 0
 1447.00 00557 0009 143478 -4849715.49554 1.00000 1.00000 0 0 0
 1449.00 00558 0009 143674 -4849758.40216 1.00000 1.00000 0 0 0
 1452.00 00559 0009 143519 -4850473.28092 1.00000 1.00000 0 0 0
 1454.00 00560 0009 143742 -4850713.38657 1.00000 1.00000 0 0 0
 1456.00 00561 0008 143890 -4852250.62731 1.00000 1.00000 0 0 0
 1458.00 00562 0009 143616 -4850985.37559 1.00000 1.00000 0 0 0
 1461.00 00563 0011 143390 -4849239.85917 1.00000 1.00000 0 0 0
 1463.00 00564 0009 143663 -4849387.39023 1.00000 1.00000 0 0 0
 1466.00 00565 0010 143822 -4850713.40286 1.00000 1.00000 0 0 0
 1468.00 00566 0012 143247 -4850167.00476 1.00000 1.00000 0 0 0
 1471.00 00567 0013 142918 -4848029.19203 1.00000 1.00000 0 0 0
 1474.00 00568 0011 143359 -4850889.54464 1.00000 1.00000 0 0 0
 1477.00 00569 0009 143813 -4851081.73560 1.00000 1.00000 0 0 0
 1479.00 00570 0009 143641 -4847003.99911 1.00000 1.00000 0 0 0
 1481.00 00571 0009 143497 -4847437.93126 1.00000 1.00000 0 0 0
 1484.00 00572 0009 143344 -4847705.11369 1.00000 1.00000 0 0 0
 1486.00 00573 0009 143409 -4846564.01130 1.00000 1.00000 0 0 0
 1488.00 00574 0010 143378 -4846823.20745 1.00000 1.00000 0 0 0
 1491.00 00575 0010 143341 -4846109.84429 1.00000 1.00000 0 0 0
 1493.00 00576 0010 143560 -4848424.09079 1.00000 1.00000 0 0 0
 1496.00 00577 0009 143729 -4847461.09224 1.00000 1.00000 0 0 0
 1498.00 00578 0010 143776 -4849026.90244 1.00000 1.00000 0 0 0
 1501.00 00579 0009 143717 -4848921.59093 1.00000 1.00000 0 0 0
 1503.00 00580 0010 143802 -4849964.62672 1.00000 1.00000 0 0 0
 1506.00 00581 0010 143817 -4850054.07335 1.00000 1.00000 0 0 0
 1508.00 00582 0008 143440 -4847988.14725 1.00000 1.00000 0 0 0
 1510.00 00583 0009 143209 -4847033.60189 1.00000 1.00000 0 0 0
 1513.00 00584 0010 143170 -4848020.77860 1.00000 1.00000 0 0 0
 1515.00 00585 0011 143490 -4848920.36529 1.00000 1.00000 0 0 0
 1518.00 00586 0010 143388 -4848190.55260 1.00000 1.00000 0 0 0
 1520.00 00587 0010 143682 -4850082.79592 1.00000 1.00000 0 0 0
 1523.00 00588 0010 143532 -4850410.49510 1.00000 1.00000 0 0 0
 1525.00 00589 0010 143232 -4848757.59229 1.00000 1.00000 0 0 0
 1527.00 00590 0010 143150 -4848334.10923 1.00000 1.00000 0 0 0
 1530.00 00591 0013 143408 -4849448.74967 1.00000 1.00000 0 0 0
 1533.00 00592 0011 143629 -4850507.02293 1.00000 1.00000 0 0 0
 1535.00 00593 0011 143272 -4848873.65740 1.00000 1.00000 0 0 0
 1538.00 00594 0009 143452 -4849530.27626 1.00000 1.00000 0 0 0
 1540.00 00595 0009 143150 -4848206.91140 1.00000 1.00000 0 0 0
 1543.00 00596 0010 143120 -4847771.14732 1.00000 1.00000 0 0 0
 1545.00 00597 0010 143132 -4848324.91629 1.00000 1.00000 0 0 0
 1548.00 00598 0009 143632 -4849853.43348 1.00000 1.00000 0 0 0
 1550.00 00599 0009 143311 -4850189.98384 1.00000 1.00000 0 0 0
 1552.00 00600 0009 143196 -4848238.39763 1.00000 1.00000 0 0 0
 1555.00 00601 0008 143414 -4849853.70236 1.00000 1.00000 0 0 0
 1557.00 00602 0008 143437 -4849498.93131 1.00000 1.00000 0 0 0
 1559.00 00603 0009 143477 -4850380.04019 1.00000 1.00000 0 0 0
 1561.00 00604 0010 143735 -4851266.68922 1.00000 1.00000 0 0 0
 1564.00 00605 0011 143438 -4851332.47165 1.00000 1.00000 0 0 0
 1567.00 00606 0012 143484 -4852401.96282 1.00000 1.00000 0 0 0
 1569.00 00607 0010 143463 -4850742.37924 1.00000 1.00000 0 0 0
 1572.00 00608 0011 143544 -4851875.73888 1.00000 1.00000 0 0 0
 1575.00 00609 0011 143757 -4852187.51247 1.00000 1.00000 0 0 0
 1577.00 00610 0011 143811 -4851221.52564 1.00000 1.00000 0 0 0
 1580.00 00611 0013 143920 -4852759.50920 1.00000 1.00000 0 0 0
 1583.00 00612 0012 143898 -4851088.71202 1.00000 1.00000 0 0 0
 1586.00 00613 0012 143531 -4848785.42130 1.00000 1.00000 0 0 0
 1588.00 00614 0010 143345 -4848324.22628 1.00000 1.00000 0 0 0
 1591.00 00615 0011 143200 -4847899.10959 1.00000 1.00000 0 0 0
 1594.00 00616 0012 143681 -4848228.46408 1.00000 1.00000 0 0 0
 1596.00 00617 0009 143573 -4849141.89972 1.00000 1.00000 0 0 0
 1599.00 00618 0011 143498 -4849477.53295 1.00000 1.00000 0 0 0
 1601.00 00619 0010 143458 -4848822.16259 1.00000 1.00000 0 0 0
 1604.00 00620 0011 144055 -4850840.55350 1.00000 1.00000 0 0 0
 1607.00 00621 0009 143733 -4849905.76582 1.00000 1.00000 0 0 0
 1609.00 00622 0010 143530 -4848710.25910 1.00000 1.00000 0 0 0
 1612.00 00623 0010 143627 -4849478.83446 1.00000 1.00000 0 0 0
 1614.00 00624 0011 143511 -4849483.28229 1.00000 1.00000 0 0 0
 1617.00 00625 0013 143619 -4850728.27064 1.00000 1.00000 0 0 0
 1620.00 00626 0010 143709 -4850608.82937 1.00000 1.00000 0 0 0
 1622.00 00627 0011 143601 -4850458.91705 1.00000 1.00000 0 0 0
 1625.00 00628 0010 143644 -4849825.73647 1.00000 1.00000 0 0 0
 1627.00 00629 0009 143780 -4849684.50069 1.00000 1.00000 0 0 0
 1630.00 00630 0009 143215 -4848061.40963 1.00000 1.00000 0 0 0
 1632.00 00631 0009 143447 -4848304.72934 1.00000 1.00000 0 0 0
 1634.00 00632 0011 143469 -4847397.57387 1.00000 1.00000 0 0 0
 1637.00 00633 0011 143607 -4850229.89340 1.00000 1.00000 0 0 0
 1640.00 00634 0011 143554 -4850330.46603 1.00000 1.00000 0 0 0
 1642.00 00635 0009 143214 -4848730.27562 1.00000 1.00000 0 0 0
 1645.00 00636 0010 143579 -4850766.87930 1.00000 1.00000 0 0 0
 1647.00 00637 0011 143782 -4851061.64317 1.00000 1.00000 0 0 0
 1650.00 00638 0009 143644 -4849826.83322 1.00000 1.00